<?xml version="1.0" encoding="UTF-8"?>
<testsuite xmlns:xsi="http://www.w3.org/2001/XMLSchema-instance" xsi:noNamespaceSchemaLocation="https://maven.apache.org/surefire/maven-failsafe-plugin/xsd/failsafe-test-report.xsd" name="com.redhat.MyWorkItemWorkitemIntegrationTest" time="0.38" tests="1" errors="0" skipped="0" failures="0">
  <properties>
    <property name="sun.desktop" value="gnome"/>
    <property name="awt.toolkit" value="sun.awt.X11.XToolkit"/>
    <property name="file.encoding.pkg" value="sun.io"/>
    <property name="java.specification.version" value="1.8"/>
    <property name="sun.cpu.isalist" value=""/>
    <property name="groupId" value="org.jbpm.contrib"/>
    <property name="sun.jnu.encoding" value="UTF-8"/>
    <property name="java.class.path" value="/home/user/MyWIH2/myworkitem/target/test-classes:/home/user/MyWIH2/myworkitem/target/myworkitem-7.39.0.Final-redhat-00005.jar:/home/user/.m2/repository/org/kie/kie-api/7.39.0.Final-redhat-00005/kie-api-7.39.0.Final-redhat-00005.jar:/home/user/.m2/repository/org/kie/soup/kie-soup-maven-support/7.39.0.Final-redhat-00005/kie-soup-maven-support-7.39.0.Final-redhat-00005.jar:/home/user/.m2/repository/org/jbpm/jbpm-workitems-core/7.39.0.Final-redhat-00005/jbpm-workitems-core-7.39.0.Final-redhat-00005.jar:/home/user/.m2/repository/org/drools/drools-core/7.39.0.Final-redhat-00005/drools-core-7.39.0.Final-redhat-00005.jar:/home/user/.m2/repository/org/mvel/mvel2/2.4.8.Final-redhat-00001/mvel2-2.4.8.Final-redhat-00001.jar:/home/user/.m2/repository/org/kie/soup/kie-soup-xstream/7.39.0.Final-redhat-00005/kie-soup-xstream-7.39.0.Final-redhat-00005.jar:/home/user/.m2/repository/org/drools/drools-core-reflective/7.39.0.Final-redhat-00005/drools-core-reflective-7.39.0.Final-redhat-00005.jar:/home/user/.m2/repository/org/drools/drools-core-dynamic/7.39.0.Final-redhat-00005/drools-core-dynamic-7.39.0.Final-redhat-00005.jar:/home/user/.m2/repository/org/kie/soup/kie-soup-project-datamodel-commons/7.39.0.Final-redhat-00005/kie-soup-project-datamodel-commons-7.39.0.Final-redhat-00005.jar:/home/user/.m2/repository/org/kie/soup/kie-soup-project-datamodel-api/7.39.0.Final-redhat-00005/kie-soup-project-datamodel-api-7.39.0.Final-redhat-00005.jar:/home/user/.m2/repository/org/jbpm/jbpm-flow/7.39.0.Final-redhat-00005/jbpm-flow-7.39.0.Final-redhat-00005.jar:/home/user/.m2/repository/org/kie/soup/kie-soup-commons/7.39.0.Final-redhat-00005/kie-soup-commons-7.39.0.Final-redhat-00005.jar:/home/user/.m2/repository/org/kie/kie-dmn-feel/7.39.0.Final-redhat-00005/kie-dmn-feel-7.39.0.Final-redhat-00005.jar:/home/user/.m2/repository/org/antlr/antlr4-runtime/4.8/antlr4-runtime-4.8.jar:/home/user/.m2/repository/com/github/javaparser/javaparser-core/3.13.10/javaparser-core-3.13.10.jar:/home/user/.m2/repository/org/drools/drools-mvel-parser/7.39.0.Final-redhat-00005/drools-mvel-parser-7.39.0.Final-redhat-00005.jar:/home/user/.m2/repository/ch/obermuhlner/big-math/2.0.1/big-math-2.0.1.jar:/home/user/.m2/repository/org/kie/kie-dmn-core/7.39.0.Final-redhat-00005/kie-dmn-core-7.39.0.Final-redhat-00005.jar:/home/user/.m2/repository/org/kie/kie-dmn-backend/7.39.0.Final-redhat-00005/kie-dmn-backend-7.39.0.Final-redhat-00005.jar:/home/user/.m2/repository/org/drools/drools-ruleunit/7.39.0.Final-redhat-00005/drools-ruleunit-7.39.0.Final-redhat-00005.jar:/home/user/.m2/repository/org/drools/drools-canonical-model/7.39.0.Final-redhat-00005/drools-canonical-model-7.39.0.Final-redhat-00005.jar:/home/user/.m2/repository/org/drools/drools-model-compiler/7.39.0.Final-redhat-00005/drools-model-compiler-7.39.0.Final-redhat-00005.jar:/home/user/.m2/repository/org/drools/drools-mvel-compiler/7.39.0.Final-redhat-00005/drools-mvel-compiler-7.39.0.Final-redhat-00005.jar:/home/user/.m2/repository/org/jpmml/pmml-model/1.4.11/pmml-model-1.4.11.jar:/home/user/.m2/repository/org/jpmml/pmml-agent/1.4.11/pmml-agent-1.4.11.jar:/home/user/.m2/repository/com/google/protobuf/protobuf-java/3.6.1/protobuf-java-3.6.1.jar:/home/user/.m2/repository/org/jbpm/jbpm-bpmn2/7.39.0.Final-redhat-00005/jbpm-bpmn2-7.39.0.Final-redhat-00005.jar:/home/user/.m2/repository/org/jbpm/jbpm-flow-builder/7.39.0.Final-redhat-00005/jbpm-flow-builder-7.39.0.Final-redhat-00005.jar:/home/user/.m2/repository/org/kie/kie-internal/7.39.0.Final-redhat-00005/kie-internal-7.39.0.Final-redhat-00005.jar:/home/user/.m2/repository/org/kie/kie-dmn-api/7.39.0.Final-redhat-00005/kie-dmn-api-7.39.0.Final-redhat-00005.jar:/home/user/.m2/repository/org/kie/kie-dmn-model/7.39.0.Final-redhat-00005/kie-dmn-model-7.39.0.Final-redhat-00005.jar:/home/user/.m2/repository/commons-io/commons-io/2.6.0.redhat-00001/commons-io-2.6.0.redhat-00001.jar:/home/user/.m2/repository/org/apache/commons/commons-exec/1.3/commons-exec-1.3.jar:/home/user/.m2/repository/org/antlr/ST4/4.0.7/ST4-4.0.7.jar:/home/user/.m2/repository/org/antlr/antlr-runtime/3.5.2.redhat-1/antlr-runtime-3.5.2.redhat-1.jar:/home/user/.m2/repository/org/jbpm/jbpm-document/7.39.0.Final-redhat-00005/jbpm-document-7.39.0.Final-redhat-00005.jar:/home/user/.m2/repository/org/apache/commons/commons-lang3/3.9.0.redhat-00001/commons-lang3-3.9.0.redhat-00001.jar:/home/user/.m2/repository/commons-codec/commons-codec/1.11.0.redhat-00001/commons-codec-1.11.0.redhat-00001.jar:/home/user/.m2/repository/org/jbpm/jbpm-audit/7.39.0.Final-redhat-00005/jbpm-audit-7.39.0.Final-redhat-00005.jar:/home/user/.m2/repository/org/drools/drools-persistence-jpa/7.39.0.Final-redhat-00005/drools-persistence-jpa-7.39.0.Final-redhat-00005.jar:/home/user/.m2/repository/org/jboss/spec/javax/xml/bind/jboss-jaxb-api_2.3_spec/1.0.1.Final-redhat-1/jboss-jaxb-api_2.3_spec-1.0.1.Final-redhat-1.jar:/home/user/.m2/repository/org/jbpm/jbpm-query-jpa/7.39.0.Final-redhat-00005/jbpm-query-jpa-7.39.0.Final-redhat-00005.jar:/home/user/.m2/repository/com/thoughtworks/xstream/xstream/1.4.11.1-redhat-00001/xstream-1.4.11.1-redhat-00001.jar:/home/user/.m2/repository/xmlpull/xmlpull/1.2.0.redhat-00001/xmlpull-1.2.0.redhat-00001.jar:/home/user/.m2/repository/xpp3/xpp3_min/1.2.0.redhat-00001/xpp3_min-1.2.0.redhat-00001.jar:/home/user/.m2/repository/org/jbpm/jbpm-workitems-core/7.39.0.Final-redhat-00005/jbpm-workitems-core-7.39.0.Final-redhat-00005-tests.jar:/home/user/.m2/repository/junit/junit/4.12/junit-4.12.jar:/home/user/.m2/repository/org/hamcrest/hamcrest-core/1.3-redhat-1/hamcrest-core-1.3-redhat-1.jar:/home/user/.m2/repository/org/powermock/powermock-api-mockito/1.7.4/powermock-api-mockito-1.7.4.jar:/home/user/.m2/repository/org/powermock/powermock-api-mockito-common/1.7.4/powermock-api-mockito-common-1.7.4.jar:/home/user/.m2/repository/org/powermock/powermock-api-support/1.7.4/powermock-api-support-1.7.4.jar:/home/user/.m2/repository/org/powermock/powermock-module-junit4/1.7.4/powermock-module-junit4-1.7.4.jar:/home/user/.m2/repository/org/powermock/powermock-module-junit4-common/1.7.4/powermock-module-junit4-common-1.7.4.jar:/home/user/.m2/repository/org/powermock/powermock-reflect/1.7.4/powermock-reflect-1.7.4.jar:/home/user/.m2/repository/org/powermock/powermock-core/1.7.4/powermock-core-1.7.4.jar:/home/user/.m2/repository/org/jbpm/jbpm-test/7.39.0.Final-redhat-00005/jbpm-test-7.39.0.Final-redhat-00005.jar:/home/user/.m2/repository/org/jbpm/jbpm-persistence-jpa/7.39.0.Final-redhat-00005/jbpm-persistence-jpa-7.39.0.Final-redhat-00005.jar:/home/user/.m2/repository/org/jbpm/jbpm-human-task-core/7.39.0.Final-redhat-00005/jbpm-human-task-core-7.39.0.Final-redhat-00005.jar:/home/user/.m2/repository/org/jboss/spec/javax/annotation/jboss-annotations-api_1.2_spec/1.0.0.Final-redhat-1/jboss-annotations-api_1.2_spec-1.0.0.Final-redhat-1.jar:/home/user/.m2/repository/javax/mail/mail/1.4.5.redhat-2/mail-1.4.5.redhat-2.jar:/home/user/.m2/repository/com/fasterxml/jackson/core/jackson-annotations/2.10.4.redhat-00001/jackson-annotations-2.10.4.redhat-00001.jar:/home/user/.m2/repository/com/fasterxml/jackson/core/jackson-core/2.10.4.redhat-00001/jackson-core-2.10.4.redhat-00001.jar:/home/user/.m2/repository/com/fasterxml/jackson/core/jackson-databind/2.10.4.redhat-00001/jackson-databind-2.10.4.redhat-00001.jar:/home/user/.m2/repository/org/slf4j/jcl-over-slf4j/1.7.26/jcl-over-slf4j-1.7.26.jar:/home/user/.m2/repository/com/google/guava/guava/14.0.1.redhat-1/guava-14.0.1.redhat-1.jar:/home/user/.m2/repository/org/jbpm/jbpm-human-task-workitems/7.39.0.Final-redhat-00005/jbpm-human-task-workitems-7.39.0.Final-redhat-00005.jar:/home/user/.m2/repository/org/jbpm/jbpm-shared-services/7.39.0.Final-redhat-00005/jbpm-shared-services-7.39.0.Final-redhat-00005.jar:/home/user/.m2/repository/org/jbpm/jbpm-services-api/7.39.0.Final-redhat-00005/jbpm-services-api-7.39.0.Final-redhat-00005.jar:/home/user/.m2/repository/org/jbpm/jbpm-case-mgmt-api/7.39.0.Final-redhat-00005/jbpm-case-mgmt-api-7.39.0.Final-redhat-00005.jar:/home/user/.m2/repository/org/jbpm/jbpm-runtime-manager/7.39.0.Final-redhat-00005/jbpm-runtime-manager-7.39.0.Final-redhat-00005.jar:/home/user/.m2/repository/org/eclipse/aether/aether-api/1.1.0.redhat-1/aether-api-1.1.0.redhat-1.jar:/home/user/.m2/repository/org/jbpm/jbpm-human-task-audit/7.39.0.Final-redhat-00005/jbpm-human-task-audit-7.39.0.Final-redhat-00005.jar:/home/user/.m2/repository/org/jbpm/jbpm-human-task-jpa/7.39.0.Final-redhat-00005/jbpm-human-task-jpa-7.39.0.Final-redhat-00005.jar:/home/user/.m2/repository/com/h2database/h2/1.3.173.redhat-2/h2-1.3.173.redhat-2.jar:/home/user/.m2/repository/org/hibernate/hibernate-entitymanager/5.3.16.Final-redhat-00002/hibernate-entitymanager-5.3.16.Final-redhat-00002.jar:/home/user/.m2/repository/org/jboss/logging/jboss-logging/3.4.1.Final-redhat-00001/jboss-logging-3.4.1.Final-redhat-00001.jar:/home/user/.m2/repository/org/dom4j/dom4j/2.1.3.redhat-00001/dom4j-2.1.3.redhat-00001.jar:/home/user/.m2/repository/org/hibernate/common/hibernate-commons-annotations/5.0.5.Final-redhat-00002/hibernate-commons-annotations-5.0.5.Final-redhat-00002.jar:/home/user/.m2/repository/net/bytebuddy/byte-buddy/1.10.3/byte-buddy-1.10.3.jar:/home/user/.m2/repository/org/hibernate/hibernate-core/5.3.16.Final-redhat-00002/hibernate-core-5.3.16.Final-redhat-00002.jar:/home/user/.m2/repository/antlr/antlr/2.7.7.redhat-7/antlr-2.7.7.redhat-7.jar:/home/user/.m2/repository/org/jboss/jandex/2.1.1.Final-redhat-00001/jandex-2.1.1.Final-redhat-00001.jar:/home/user/.m2/repository/com/fasterxml/classmate/1.3.4/classmate-1.3.4.jar:/home/user/.m2/repository/org/glassfish/jaxb/jaxb-runtime/2.3.2/jaxb-runtime-2.3.2.jar:/home/user/.m2/repository/org/glassfish/jaxb/txw2/2.3.2/txw2-2.3.2.jar:/home/user/.m2/repository/com/sun/istack/istack-commons-runtime/3.0.8/istack-commons-runtime-3.0.8.jar:/home/user/.m2/repository/org/jvnet/staxex/stax-ex/1.8.1/stax-ex-1.8.1.jar:/home/user/.m2/repository/com/sun/xml/fastinfoset/FastInfoset/1.2.16/FastInfoset-1.2.16.jar:/home/user/.m2/repository/javax/persistence/javax.persistence-api/2.2.0.redhat-1/javax.persistence-api-2.2.0.redhat-1.jar:/home/user/.m2/repository/org/jboss/narayana/jta/narayana-jta/5.9.0.Final-redhat-00001/narayana-jta-5.9.0.Final-redhat-00001.jar:/home/user/.m2/repository/org/jboss/jboss-transaction-spi/7.6.0.Final-redhat-1/jboss-transaction-spi-7.6.0.Final-redhat-1.jar:/home/user/.m2/repository/org/jboss/spec/javax/resource/jboss-connector-api_1.7_spec/1.0.0.Final/jboss-connector-api_1.7_spec-1.0.0.Final.jar:/home/user/.m2/repository/org/javassist/javassist/3.26.0-GA/javassist-3.26.0-GA.jar:/home/user/.m2/repository/org/jboss/spec/javax/transaction/jboss-transaction-api_1.2_spec/1.1.1.Final-redhat-1/jboss-transaction-api_1.2_spec-1.1.1.Final-redhat-1.jar:/home/user/.m2/repository/org/kie/kie-test-util/7.39.0.Final-redhat-00005/kie-test-util-7.39.0.Final-redhat-00005.jar:/home/user/.m2/repository/commons-collections/commons-collections/3.2.2.redhat-2/commons-collections-3.2.2.redhat-2.jar:/home/user/.m2/repository/ch/qos/logback/logback-classic/1.2.3.redhat-00001/logback-classic-1.2.3.redhat-00001.jar:/home/user/.m2/repository/ch/qos/logback/logback-core/1.2.3.redhat-00001/logback-core-1.2.3.redhat-00001.jar:/home/user/.m2/repository/org/apache/maven/maven-model/3.3.9.redhat-2/maven-model-3.3.9.redhat-2.jar:/home/user/.m2/repository/org/codehaus/plexus/plexus-utils/3.0.22/plexus-utils-3.0.22.jar:/home/user/.m2/repository/org/kie/kie-ci/7.39.0.Final-redhat-00005/kie-ci-7.39.0.Final-redhat-00005.jar:/home/user/.m2/repository/org/kie/soup/kie-soup-maven-integration/7.39.0.Final-redhat-00005/kie-soup-maven-integration-7.39.0.Final-redhat-00005.jar:/home/user/.m2/repository/org/apache/maven/maven-artifact/3.3.9.redhat-2/maven-artifact-3.3.9.redhat-2.jar:/home/user/.m2/repository/org/apache/maven/maven-plugin-api/3.3.9.redhat-2/maven-plugin-api-3.3.9.redhat-2.jar:/home/user/.m2/repository/org/eclipse/aether/aether-util/1.1.0.redhat-1/aether-util-1.1.0.redhat-1.jar:/home/user/.m2/repository/org/eclipse/aether/aether-spi/1.1.0.redhat-1/aether-spi-1.1.0.redhat-1.jar:/home/user/.m2/repository/org/eclipse/aether/aether-transport-file/1.1.0.redhat-1/aether-transport-file-1.1.0.redhat-1.jar:/home/user/.m2/repository/org/eclipse/aether/aether-transport-http/1.1.0.redhat-1/aether-transport-http-1.1.0.redhat-1.jar:/home/user/.m2/repository/org/apache/ant/ant/1.8.4-redhat-1/ant-1.8.4-redhat-1.jar:/home/user/.m2/repository/org/apache/ant/ant-launcher/1.8.3-redhat-1/ant-launcher-1.8.3-redhat-1.jar:/home/user/.m2/repository/org/apache/httpcomponents/httpcore/4.4.6/httpcore-4.4.6.jar:/home/user/.m2/repository/com/google/inject/guice/4.0.0.redhat-2/guice-4.0.0.redhat-2-no_aop.jar:/home/user/.m2/repository/javax/inject/javax.inject/1.0.0.redhat-6/javax.inject-1.0.0.redhat-6.jar:/home/user/.m2/repository/aopalliance/aopalliance/1.0.0.redhat-00003/aopalliance-1.0.0.redhat-00003.jar:/home/user/.m2/repository/org/apache/maven/maven-core/3.3.9.redhat-2/maven-core-3.3.9.redhat-2.jar:/home/user/.m2/repository/org/apache/maven/maven-repository-metadata/3.3.9.redhat-2/maven-repository-metadata-3.3.9.redhat-2.jar:/home/user/.m2/repository/org/codehaus/plexus/plexus-interpolation/1.21.0.redhat-2/plexus-interpolation-1.21.0.redhat-2.jar:/home/user/.m2/repository/org/codehaus/plexus/plexus-component-annotations/1.6.0.redhat-2/plexus-component-annotations-1.6.0.redhat-2.jar:/home/user/.m2/repository/org/apache/maven/maven-model-builder/3.3.9.redhat-2/maven-model-builder-3.3.9.redhat-2.jar:/home/user/.m2/repository/org/apache/maven/maven-builder-support/3.3.9.redhat-2/maven-builder-support-3.3.9.redhat-2.jar:/home/user/.m2/repository/org/apache/maven/maven-settings/3.3.9.redhat-2/maven-settings-3.3.9.redhat-2.jar:/home/user/.m2/repository/org/apache/maven/maven-settings-builder/3.3.9.redhat-2/maven-settings-builder-3.3.9.redhat-2.jar:/home/user/.m2/repository/org/apache/maven/maven-compat/3.3.9.redhat-2/maven-compat-3.3.9.redhat-2.jar:/home/user/.m2/repository/org/apache/maven/maven-aether-provider/3.3.9.redhat-2/maven-aether-provider-3.3.9.redhat-2.jar:/home/user/.m2/repository/org/apache/maven/wagon/wagon-provider-api/3.0.0.redhat-2/wagon-provider-api-3.0.0.redhat-2.jar:/home/user/.m2/repository/org/sonatype/plexus/plexus-sec-dispatcher/1.3.0.redhat-1/plexus-sec-dispatcher-1.3.0.redhat-1.jar:/home/user/.m2/repository/org/codehaus/plexus/plexus-classworlds/2.5.2.redhat-2/plexus-classworlds-2.5.2.redhat-2.jar:/home/user/.m2/repository/org/eclipse/aether/aether-impl/1.1.0.redhat-1/aether-impl-1.1.0.redhat-1.jar:/home/user/.m2/repository/org/eclipse/aether/aether-connector-basic/1.1.0.redhat-1/aether-connector-basic-1.1.0.redhat-1.jar:/home/user/.m2/repository/org/eclipse/aether/aether-transport-wagon/1.1.0.redhat-1/aether-transport-wagon-1.1.0.redhat-1.jar:/home/user/.m2/repository/org/eclipse/sisu/org.eclipse.sisu.plexus/0.3.2.redhat-00002/org.eclipse.sisu.plexus-0.3.2.redhat-00002.jar:/home/user/.m2/repository/javax/enterprise/cdi-api/2.0.0.SP1-redhat-00004/cdi-api-2.0.0.SP1-redhat-00004.jar:/home/user/.m2/repository/org/eclipse/sisu/org.eclipse.sisu.inject.extender/0.3.2.redhat-00002/org.eclipse.sisu.inject.extender-0.3.2.redhat-00002.jar:/home/user/.m2/repository/org/eclipse/sisu/org.eclipse.sisu.inject/0.3.2.redhat-00002/org.eclipse.sisu.inject-0.3.2.redhat-00002.jar:/home/user/.m2/repository/org/apache/maven/wagon/wagon-http/3.0.0.redhat-2/wagon-http-3.0.0.redhat-2.jar:/home/user/.m2/repository/org/apache/maven/wagon/wagon-http-shared/3.0.0.redhat-2/wagon-http-shared-3.0.0.redhat-2.jar:/home/user/.m2/repository/org/jsoup/jsoup/1.8.3.redhat-2/jsoup-1.8.3.redhat-2.jar:/home/user/.m2/repository/org/apache/httpcomponents/httpclient/4.5.4.redhat-00001/httpclient-4.5.4.redhat-00001.jar:/home/user/.m2/repository/org/sonatype/plexus/plexus-cipher/1.7.0.redhat-1/plexus-cipher-1.7.0.redhat-1.jar:/home/user/.m2/repository/org/drools/drools-compiler/7.39.0.Final-redhat-00005/drools-compiler-7.39.0.Final-redhat-00005.jar:/home/user/.m2/repository/org/jbpm/jbpm-test-util/7.39.0.Final-redhat-00005/jbpm-test-util-7.39.0.Final-redhat-00005.jar:/home/user/.m2/repository/org/drools/drools-persistence-api/7.39.0.Final-redhat-00005/drools-persistence-api-7.39.0.Final-redhat-00005.jar:/home/user/.m2/repository/simple-jndi/simple-jndi/0.11.4.1/simple-jndi-0.11.4.1.jar:/home/user/.m2/repository/org/apache/tomcat/tomcat-dbcp/9.0.21.redhat-5/tomcat-dbcp-9.0.21.redhat-5.jar:/home/user/.m2/repository/org/apache/tomcat/tomcat-juli/9.0.21.redhat-5/tomcat-juli-9.0.21.redhat-5.jar:/home/user/.m2/repository/org/jbpm/jbpm-persistence-api/7.39.0.Final-redhat-00005/jbpm-persistence-api-7.39.0.Final-redhat-00005.jar:/home/user/.m2/repository/org/slf4j/slf4j-api/1.7.26/slf4j-api-1.7.26.jar:/home/user/.m2/repository/org/jbpm/contrib/template-resources/7.39.0.Final-redhat-00005/template-resources-7.39.0.Final-redhat-00005.jar:/home/user/.m2/repository/org/mockito/mockito-core/1.10.19/mockito-core-1.10.19.jar:/home/user/.m2/repository/org/objenesis/objenesis/2.1/objenesis-2.1.jar:"/>
    <property name="java.vm.vendor" value="Oracle Corporation"/>
    <property name="sun.arch.data.model" value="64"/>
    <property name="java.vendor.url" value="http://java.oracle.com/"/>
    <property name="user.timezone" value=""/>
    <property name="java.vm.specification.version" value="1.8"/>
    <property name="os.name" value="Linux"/>
    <property name="user.country" value="US"/>
    <property name="sun.java.launcher" value="SUN_STANDARD"/>
    <property name="sun.boot.library.path" value="/usr/lib/jvm/java-1.8.0-openjdk-1.8.0.265.b01-0.el8_2.x86_64/jre/lib/amd64"/>
    <property name="sun.java.command" value="/home/user/MyWIH2/myworkitem/target/surefire/surefirebooter8398050413529172132.jar /home/user/MyWIH2/myworkitem/target/surefire 2020-09-24T10-31-06_678-jvmRun1 surefire7112039901414556606tmp surefire_01037496826755180208tmp"/>
    <property name="surefire.test.class.path" value="/home/user/MyWIH2/myworkitem/target/test-classes:/home/user/MyWIH2/myworkitem/target/myworkitem-7.39.0.Final-redhat-00005.jar:/home/user/.m2/repository/org/kie/kie-api/7.39.0.Final-redhat-00005/kie-api-7.39.0.Final-redhat-00005.jar:/home/user/.m2/repository/org/kie/soup/kie-soup-maven-support/7.39.0.Final-redhat-00005/kie-soup-maven-support-7.39.0.Final-redhat-00005.jar:/home/user/.m2/repository/org/jbpm/jbpm-workitems-core/7.39.0.Final-redhat-00005/jbpm-workitems-core-7.39.0.Final-redhat-00005.jar:/home/user/.m2/repository/org/drools/drools-core/7.39.0.Final-redhat-00005/drools-core-7.39.0.Final-redhat-00005.jar:/home/user/.m2/repository/org/mvel/mvel2/2.4.8.Final-redhat-00001/mvel2-2.4.8.Final-redhat-00001.jar:/home/user/.m2/repository/org/kie/soup/kie-soup-xstream/7.39.0.Final-redhat-00005/kie-soup-xstream-7.39.0.Final-redhat-00005.jar:/home/user/.m2/repository/org/drools/drools-core-reflective/7.39.0.Final-redhat-00005/drools-core-reflective-7.39.0.Final-redhat-00005.jar:/home/user/.m2/repository/org/drools/drools-core-dynamic/7.39.0.Final-redhat-00005/drools-core-dynamic-7.39.0.Final-redhat-00005.jar:/home/user/.m2/repository/org/kie/soup/kie-soup-project-datamodel-commons/7.39.0.Final-redhat-00005/kie-soup-project-datamodel-commons-7.39.0.Final-redhat-00005.jar:/home/user/.m2/repository/org/kie/soup/kie-soup-project-datamodel-api/7.39.0.Final-redhat-00005/kie-soup-project-datamodel-api-7.39.0.Final-redhat-00005.jar:/home/user/.m2/repository/org/jbpm/jbpm-flow/7.39.0.Final-redhat-00005/jbpm-flow-7.39.0.Final-redhat-00005.jar:/home/user/.m2/repository/org/kie/soup/kie-soup-commons/7.39.0.Final-redhat-00005/kie-soup-commons-7.39.0.Final-redhat-00005.jar:/home/user/.m2/repository/org/kie/kie-dmn-feel/7.39.0.Final-redhat-00005/kie-dmn-feel-7.39.0.Final-redhat-00005.jar:/home/user/.m2/repository/org/antlr/antlr4-runtime/4.8/antlr4-runtime-4.8.jar:/home/user/.m2/repository/com/github/javaparser/javaparser-core/3.13.10/javaparser-core-3.13.10.jar:/home/user/.m2/repository/org/drools/drools-mvel-parser/7.39.0.Final-redhat-00005/drools-mvel-parser-7.39.0.Final-redhat-00005.jar:/home/user/.m2/repository/ch/obermuhlner/big-math/2.0.1/big-math-2.0.1.jar:/home/user/.m2/repository/org/kie/kie-dmn-core/7.39.0.Final-redhat-00005/kie-dmn-core-7.39.0.Final-redhat-00005.jar:/home/user/.m2/repository/org/kie/kie-dmn-backend/7.39.0.Final-redhat-00005/kie-dmn-backend-7.39.0.Final-redhat-00005.jar:/home/user/.m2/repository/org/drools/drools-ruleunit/7.39.0.Final-redhat-00005/drools-ruleunit-7.39.0.Final-redhat-00005.jar:/home/user/.m2/repository/org/drools/drools-canonical-model/7.39.0.Final-redhat-00005/drools-canonical-model-7.39.0.Final-redhat-00005.jar:/home/user/.m2/repository/org/drools/drools-model-compiler/7.39.0.Final-redhat-00005/drools-model-compiler-7.39.0.Final-redhat-00005.jar:/home/user/.m2/repository/org/drools/drools-mvel-compiler/7.39.0.Final-redhat-00005/drools-mvel-compiler-7.39.0.Final-redhat-00005.jar:/home/user/.m2/repository/org/jpmml/pmml-model/1.4.11/pmml-model-1.4.11.jar:/home/user/.m2/repository/org/jpmml/pmml-agent/1.4.11/pmml-agent-1.4.11.jar:/home/user/.m2/repository/com/google/protobuf/protobuf-java/3.6.1/protobuf-java-3.6.1.jar:/home/user/.m2/repository/org/jbpm/jbpm-bpmn2/7.39.0.Final-redhat-00005/jbpm-bpmn2-7.39.0.Final-redhat-00005.jar:/home/user/.m2/repository/org/jbpm/jbpm-flow-builder/7.39.0.Final-redhat-00005/jbpm-flow-builder-7.39.0.Final-redhat-00005.jar:/home/user/.m2/repository/org/kie/kie-internal/7.39.0.Final-redhat-00005/kie-internal-7.39.0.Final-redhat-00005.jar:/home/user/.m2/repository/org/kie/kie-dmn-api/7.39.0.Final-redhat-00005/kie-dmn-api-7.39.0.Final-redhat-00005.jar:/home/user/.m2/repository/org/kie/kie-dmn-model/7.39.0.Final-redhat-00005/kie-dmn-model-7.39.0.Final-redhat-00005.jar:/home/user/.m2/repository/commons-io/commons-io/2.6.0.redhat-00001/commons-io-2.6.0.redhat-00001.jar:/home/user/.m2/repository/org/apache/commons/commons-exec/1.3/commons-exec-1.3.jar:/home/user/.m2/repository/org/antlr/ST4/4.0.7/ST4-4.0.7.jar:/home/user/.m2/repository/org/antlr/antlr-runtime/3.5.2.redhat-1/antlr-runtime-3.5.2.redhat-1.jar:/home/user/.m2/repository/org/jbpm/jbpm-document/7.39.0.Final-redhat-00005/jbpm-document-7.39.0.Final-redhat-00005.jar:/home/user/.m2/repository/org/apache/commons/commons-lang3/3.9.0.redhat-00001/commons-lang3-3.9.0.redhat-00001.jar:/home/user/.m2/repository/commons-codec/commons-codec/1.11.0.redhat-00001/commons-codec-1.11.0.redhat-00001.jar:/home/user/.m2/repository/org/jbpm/jbpm-audit/7.39.0.Final-redhat-00005/jbpm-audit-7.39.0.Final-redhat-00005.jar:/home/user/.m2/repository/org/drools/drools-persistence-jpa/7.39.0.Final-redhat-00005/drools-persistence-jpa-7.39.0.Final-redhat-00005.jar:/home/user/.m2/repository/org/jboss/spec/javax/xml/bind/jboss-jaxb-api_2.3_spec/1.0.1.Final-redhat-1/jboss-jaxb-api_2.3_spec-1.0.1.Final-redhat-1.jar:/home/user/.m2/repository/org/jbpm/jbpm-query-jpa/7.39.0.Final-redhat-00005/jbpm-query-jpa-7.39.0.Final-redhat-00005.jar:/home/user/.m2/repository/com/thoughtworks/xstream/xstream/1.4.11.1-redhat-00001/xstream-1.4.11.1-redhat-00001.jar:/home/user/.m2/repository/xmlpull/xmlpull/1.2.0.redhat-00001/xmlpull-1.2.0.redhat-00001.jar:/home/user/.m2/repository/xpp3/xpp3_min/1.2.0.redhat-00001/xpp3_min-1.2.0.redhat-00001.jar:/home/user/.m2/repository/org/jbpm/jbpm-workitems-core/7.39.0.Final-redhat-00005/jbpm-workitems-core-7.39.0.Final-redhat-00005-tests.jar:/home/user/.m2/repository/junit/junit/4.12/junit-4.12.jar:/home/user/.m2/repository/org/hamcrest/hamcrest-core/1.3-redhat-1/hamcrest-core-1.3-redhat-1.jar:/home/user/.m2/repository/org/powermock/powermock-api-mockito/1.7.4/powermock-api-mockito-1.7.4.jar:/home/user/.m2/repository/org/powermock/powermock-api-mockito-common/1.7.4/powermock-api-mockito-common-1.7.4.jar:/home/user/.m2/repository/org/powermock/powermock-api-support/1.7.4/powermock-api-support-1.7.4.jar:/home/user/.m2/repository/org/powermock/powermock-module-junit4/1.7.4/powermock-module-junit4-1.7.4.jar:/home/user/.m2/repository/org/powermock/powermock-module-junit4-common/1.7.4/powermock-module-junit4-common-1.7.4.jar:/home/user/.m2/repository/org/powermock/powermock-reflect/1.7.4/powermock-reflect-1.7.4.jar:/home/user/.m2/repository/org/powermock/powermock-core/1.7.4/powermock-core-1.7.4.jar:/home/user/.m2/repository/org/jbpm/jbpm-test/7.39.0.Final-redhat-00005/jbpm-test-7.39.0.Final-redhat-00005.jar:/home/user/.m2/repository/org/jbpm/jbpm-persistence-jpa/7.39.0.Final-redhat-00005/jbpm-persistence-jpa-7.39.0.Final-redhat-00005.jar:/home/user/.m2/repository/org/jbpm/jbpm-human-task-core/7.39.0.Final-redhat-00005/jbpm-human-task-core-7.39.0.Final-redhat-00005.jar:/home/user/.m2/repository/org/jboss/spec/javax/annotation/jboss-annotations-api_1.2_spec/1.0.0.Final-redhat-1/jboss-annotations-api_1.2_spec-1.0.0.Final-redhat-1.jar:/home/user/.m2/repository/javax/mail/mail/1.4.5.redhat-2/mail-1.4.5.redhat-2.jar:/home/user/.m2/repository/com/fasterxml/jackson/core/jackson-annotations/2.10.4.redhat-00001/jackson-annotations-2.10.4.redhat-00001.jar:/home/user/.m2/repository/com/fasterxml/jackson/core/jackson-core/2.10.4.redhat-00001/jackson-core-2.10.4.redhat-00001.jar:/home/user/.m2/repository/com/fasterxml/jackson/core/jackson-databind/2.10.4.redhat-00001/jackson-databind-2.10.4.redhat-00001.jar:/home/user/.m2/repository/org/slf4j/jcl-over-slf4j/1.7.26/jcl-over-slf4j-1.7.26.jar:/home/user/.m2/repository/com/google/guava/guava/14.0.1.redhat-1/guava-14.0.1.redhat-1.jar:/home/user/.m2/repository/org/jbpm/jbpm-human-task-workitems/7.39.0.Final-redhat-00005/jbpm-human-task-workitems-7.39.0.Final-redhat-00005.jar:/home/user/.m2/repository/org/jbpm/jbpm-shared-services/7.39.0.Final-redhat-00005/jbpm-shared-services-7.39.0.Final-redhat-00005.jar:/home/user/.m2/repository/org/jbpm/jbpm-services-api/7.39.0.Final-redhat-00005/jbpm-services-api-7.39.0.Final-redhat-00005.jar:/home/user/.m2/repository/org/jbpm/jbpm-case-mgmt-api/7.39.0.Final-redhat-00005/jbpm-case-mgmt-api-7.39.0.Final-redhat-00005.jar:/home/user/.m2/repository/org/jbpm/jbpm-runtime-manager/7.39.0.Final-redhat-00005/jbpm-runtime-manager-7.39.0.Final-redhat-00005.jar:/home/user/.m2/repository/org/eclipse/aether/aether-api/1.1.0.redhat-1/aether-api-1.1.0.redhat-1.jar:/home/user/.m2/repository/org/jbpm/jbpm-human-task-audit/7.39.0.Final-redhat-00005/jbpm-human-task-audit-7.39.0.Final-redhat-00005.jar:/home/user/.m2/repository/org/jbpm/jbpm-human-task-jpa/7.39.0.Final-redhat-00005/jbpm-human-task-jpa-7.39.0.Final-redhat-00005.jar:/home/user/.m2/repository/com/h2database/h2/1.3.173.redhat-2/h2-1.3.173.redhat-2.jar:/home/user/.m2/repository/org/hibernate/hibernate-entitymanager/5.3.16.Final-redhat-00002/hibernate-entitymanager-5.3.16.Final-redhat-00002.jar:/home/user/.m2/repository/org/jboss/logging/jboss-logging/3.4.1.Final-redhat-00001/jboss-logging-3.4.1.Final-redhat-00001.jar:/home/user/.m2/repository/org/dom4j/dom4j/2.1.3.redhat-00001/dom4j-2.1.3.redhat-00001.jar:/home/user/.m2/repository/org/hibernate/common/hibernate-commons-annotations/5.0.5.Final-redhat-00002/hibernate-commons-annotations-5.0.5.Final-redhat-00002.jar:/home/user/.m2/repository/net/bytebuddy/byte-buddy/1.10.3/byte-buddy-1.10.3.jar:/home/user/.m2/repository/org/hibernate/hibernate-core/5.3.16.Final-redhat-00002/hibernate-core-5.3.16.Final-redhat-00002.jar:/home/user/.m2/repository/antlr/antlr/2.7.7.redhat-7/antlr-2.7.7.redhat-7.jar:/home/user/.m2/repository/org/jboss/jandex/2.1.1.Final-redhat-00001/jandex-2.1.1.Final-redhat-00001.jar:/home/user/.m2/repository/com/fasterxml/classmate/1.3.4/classmate-1.3.4.jar:/home/user/.m2/repository/org/glassfish/jaxb/jaxb-runtime/2.3.2/jaxb-runtime-2.3.2.jar:/home/user/.m2/repository/org/glassfish/jaxb/txw2/2.3.2/txw2-2.3.2.jar:/home/user/.m2/repository/com/sun/istack/istack-commons-runtime/3.0.8/istack-commons-runtime-3.0.8.jar:/home/user/.m2/repository/org/jvnet/staxex/stax-ex/1.8.1/stax-ex-1.8.1.jar:/home/user/.m2/repository/com/sun/xml/fastinfoset/FastInfoset/1.2.16/FastInfoset-1.2.16.jar:/home/user/.m2/repository/javax/persistence/javax.persistence-api/2.2.0.redhat-1/javax.persistence-api-2.2.0.redhat-1.jar:/home/user/.m2/repository/org/jboss/narayana/jta/narayana-jta/5.9.0.Final-redhat-00001/narayana-jta-5.9.0.Final-redhat-00001.jar:/home/user/.m2/repository/org/jboss/jboss-transaction-spi/7.6.0.Final-redhat-1/jboss-transaction-spi-7.6.0.Final-redhat-1.jar:/home/user/.m2/repository/org/jboss/spec/javax/resource/jboss-connector-api_1.7_spec/1.0.0.Final/jboss-connector-api_1.7_spec-1.0.0.Final.jar:/home/user/.m2/repository/org/javassist/javassist/3.26.0-GA/javassist-3.26.0-GA.jar:/home/user/.m2/repository/org/jboss/spec/javax/transaction/jboss-transaction-api_1.2_spec/1.1.1.Final-redhat-1/jboss-transaction-api_1.2_spec-1.1.1.Final-redhat-1.jar:/home/user/.m2/repository/org/kie/kie-test-util/7.39.0.Final-redhat-00005/kie-test-util-7.39.0.Final-redhat-00005.jar:/home/user/.m2/repository/commons-collections/commons-collections/3.2.2.redhat-2/commons-collections-3.2.2.redhat-2.jar:/home/user/.m2/repository/ch/qos/logback/logback-classic/1.2.3.redhat-00001/logback-classic-1.2.3.redhat-00001.jar:/home/user/.m2/repository/ch/qos/logback/logback-core/1.2.3.redhat-00001/logback-core-1.2.3.redhat-00001.jar:/home/user/.m2/repository/org/apache/maven/maven-model/3.3.9.redhat-2/maven-model-3.3.9.redhat-2.jar:/home/user/.m2/repository/org/codehaus/plexus/plexus-utils/3.0.22/plexus-utils-3.0.22.jar:/home/user/.m2/repository/org/kie/kie-ci/7.39.0.Final-redhat-00005/kie-ci-7.39.0.Final-redhat-00005.jar:/home/user/.m2/repository/org/kie/soup/kie-soup-maven-integration/7.39.0.Final-redhat-00005/kie-soup-maven-integration-7.39.0.Final-redhat-00005.jar:/home/user/.m2/repository/org/apache/maven/maven-artifact/3.3.9.redhat-2/maven-artifact-3.3.9.redhat-2.jar:/home/user/.m2/repository/org/apache/maven/maven-plugin-api/3.3.9.redhat-2/maven-plugin-api-3.3.9.redhat-2.jar:/home/user/.m2/repository/org/eclipse/aether/aether-util/1.1.0.redhat-1/aether-util-1.1.0.redhat-1.jar:/home/user/.m2/repository/org/eclipse/aether/aether-spi/1.1.0.redhat-1/aether-spi-1.1.0.redhat-1.jar:/home/user/.m2/repository/org/eclipse/aether/aether-transport-file/1.1.0.redhat-1/aether-transport-file-1.1.0.redhat-1.jar:/home/user/.m2/repository/org/eclipse/aether/aether-transport-http/1.1.0.redhat-1/aether-transport-http-1.1.0.redhat-1.jar:/home/user/.m2/repository/org/apache/ant/ant/1.8.4-redhat-1/ant-1.8.4-redhat-1.jar:/home/user/.m2/repository/org/apache/ant/ant-launcher/1.8.3-redhat-1/ant-launcher-1.8.3-redhat-1.jar:/home/user/.m2/repository/org/apache/httpcomponents/httpcore/4.4.6/httpcore-4.4.6.jar:/home/user/.m2/repository/com/google/inject/guice/4.0.0.redhat-2/guice-4.0.0.redhat-2-no_aop.jar:/home/user/.m2/repository/javax/inject/javax.inject/1.0.0.redhat-6/javax.inject-1.0.0.redhat-6.jar:/home/user/.m2/repository/aopalliance/aopalliance/1.0.0.redhat-00003/aopalliance-1.0.0.redhat-00003.jar:/home/user/.m2/repository/org/apache/maven/maven-core/3.3.9.redhat-2/maven-core-3.3.9.redhat-2.jar:/home/user/.m2/repository/org/apache/maven/maven-repository-metadata/3.3.9.redhat-2/maven-repository-metadata-3.3.9.redhat-2.jar:/home/user/.m2/repository/org/codehaus/plexus/plexus-interpolation/1.21.0.redhat-2/plexus-interpolation-1.21.0.redhat-2.jar:/home/user/.m2/repository/org/codehaus/plexus/plexus-component-annotations/1.6.0.redhat-2/plexus-component-annotations-1.6.0.redhat-2.jar:/home/user/.m2/repository/org/apache/maven/maven-model-builder/3.3.9.redhat-2/maven-model-builder-3.3.9.redhat-2.jar:/home/user/.m2/repository/org/apache/maven/maven-builder-support/3.3.9.redhat-2/maven-builder-support-3.3.9.redhat-2.jar:/home/user/.m2/repository/org/apache/maven/maven-settings/3.3.9.redhat-2/maven-settings-3.3.9.redhat-2.jar:/home/user/.m2/repository/org/apache/maven/maven-settings-builder/3.3.9.redhat-2/maven-settings-builder-3.3.9.redhat-2.jar:/home/user/.m2/repository/org/apache/maven/maven-compat/3.3.9.redhat-2/maven-compat-3.3.9.redhat-2.jar:/home/user/.m2/repository/org/apache/maven/maven-aether-provider/3.3.9.redhat-2/maven-aether-provider-3.3.9.redhat-2.jar:/home/user/.m2/repository/org/apache/maven/wagon/wagon-provider-api/3.0.0.redhat-2/wagon-provider-api-3.0.0.redhat-2.jar:/home/user/.m2/repository/org/sonatype/plexus/plexus-sec-dispatcher/1.3.0.redhat-1/plexus-sec-dispatcher-1.3.0.redhat-1.jar:/home/user/.m2/repository/org/codehaus/plexus/plexus-classworlds/2.5.2.redhat-2/plexus-classworlds-2.5.2.redhat-2.jar:/home/user/.m2/repository/org/eclipse/aether/aether-impl/1.1.0.redhat-1/aether-impl-1.1.0.redhat-1.jar:/home/user/.m2/repository/org/eclipse/aether/aether-connector-basic/1.1.0.redhat-1/aether-connector-basic-1.1.0.redhat-1.jar:/home/user/.m2/repository/org/eclipse/aether/aether-transport-wagon/1.1.0.redhat-1/aether-transport-wagon-1.1.0.redhat-1.jar:/home/user/.m2/repository/org/eclipse/sisu/org.eclipse.sisu.plexus/0.3.2.redhat-00002/org.eclipse.sisu.plexus-0.3.2.redhat-00002.jar:/home/user/.m2/repository/javax/enterprise/cdi-api/2.0.0.SP1-redhat-00004/cdi-api-2.0.0.SP1-redhat-00004.jar:/home/user/.m2/repository/org/eclipse/sisu/org.eclipse.sisu.inject.extender/0.3.2.redhat-00002/org.eclipse.sisu.inject.extender-0.3.2.redhat-00002.jar:/home/user/.m2/repository/org/eclipse/sisu/org.eclipse.sisu.inject/0.3.2.redhat-00002/org.eclipse.sisu.inject-0.3.2.redhat-00002.jar:/home/user/.m2/repository/org/apache/maven/wagon/wagon-http/3.0.0.redhat-2/wagon-http-3.0.0.redhat-2.jar:/home/user/.m2/repository/org/apache/maven/wagon/wagon-http-shared/3.0.0.redhat-2/wagon-http-shared-3.0.0.redhat-2.jar:/home/user/.m2/repository/org/jsoup/jsoup/1.8.3.redhat-2/jsoup-1.8.3.redhat-2.jar:/home/user/.m2/repository/org/apache/httpcomponents/httpclient/4.5.4.redhat-00001/httpclient-4.5.4.redhat-00001.jar:/home/user/.m2/repository/org/sonatype/plexus/plexus-cipher/1.7.0.redhat-1/plexus-cipher-1.7.0.redhat-1.jar:/home/user/.m2/repository/org/drools/drools-compiler/7.39.0.Final-redhat-00005/drools-compiler-7.39.0.Final-redhat-00005.jar:/home/user/.m2/repository/org/jbpm/jbpm-test-util/7.39.0.Final-redhat-00005/jbpm-test-util-7.39.0.Final-redhat-00005.jar:/home/user/.m2/repository/org/drools/drools-persistence-api/7.39.0.Final-redhat-00005/drools-persistence-api-7.39.0.Final-redhat-00005.jar:/home/user/.m2/repository/simple-jndi/simple-jndi/0.11.4.1/simple-jndi-0.11.4.1.jar:/home/user/.m2/repository/org/apache/tomcat/tomcat-dbcp/9.0.21.redhat-5/tomcat-dbcp-9.0.21.redhat-5.jar:/home/user/.m2/repository/org/apache/tomcat/tomcat-juli/9.0.21.redhat-5/tomcat-juli-9.0.21.redhat-5.jar:/home/user/.m2/repository/org/jbpm/jbpm-persistence-api/7.39.0.Final-redhat-00005/jbpm-persistence-api-7.39.0.Final-redhat-00005.jar:/home/user/.m2/repository/org/slf4j/slf4j-api/1.7.26/slf4j-api-1.7.26.jar:/home/user/.m2/repository/org/jbpm/contrib/template-resources/7.39.0.Final-redhat-00005/template-resources-7.39.0.Final-redhat-00005.jar:/home/user/.m2/repository/org/mockito/mockito-core/1.10.19/mockito-core-1.10.19.jar:/home/user/.m2/repository/org/objenesis/objenesis/2.1/objenesis-2.1.jar:"/>
    <property name="sun.cpu.endian" value="little"/>
    <property name="user.home" value="/home/user"/>
    <property name="user.language" value="en"/>
    <property name="java.specification.vendor" value="Oracle Corporation"/>
    <property name="java.home" value="/usr/lib/jvm/java-1.8.0-openjdk-1.8.0.265.b01-0.el8_2.x86_64/jre"/>
    <property name="version" value="7.39.0.Final-redhat-00005"/>
    <property name="basedir" value="/home/user/MyWIH2/myworkitem"/>
    <property name="file.separator" value="/"/>
    <property name="line.separator" value="&#10;"/>
    <property name="java.vm.specification.vendor" value="Oracle Corporation"/>
    <property name="java.specification.name" value="Java Platform API Specification"/>
    <property name="java.awt.graphicsenv" value="sun.awt.X11GraphicsEnvironment"/>
    <property name="surefire.real.class.path" value="/home/user/MyWIH2/myworkitem/target/surefire/surefirebooter8398050413529172132.jar"/>
    <property name="sun.boot.class.path" value="/usr/lib/jvm/java-1.8.0-openjdk-1.8.0.265.b01-0.el8_2.x86_64/jre/lib/resources.jar:/usr/lib/jvm/java-1.8.0-openjdk-1.8.0.265.b01-0.el8_2.x86_64/jre/lib/rt.jar:/usr/lib/jvm/java-1.8.0-openjdk-1.8.0.265.b01-0.el8_2.x86_64/jre/lib/sunrsasign.jar:/usr/lib/jvm/java-1.8.0-openjdk-1.8.0.265.b01-0.el8_2.x86_64/jre/lib/jsse.jar:/usr/lib/jvm/java-1.8.0-openjdk-1.8.0.265.b01-0.el8_2.x86_64/jre/lib/jce.jar:/usr/lib/jvm/java-1.8.0-openjdk-1.8.0.265.b01-0.el8_2.x86_64/jre/lib/charsets.jar:/usr/lib/jvm/java-1.8.0-openjdk-1.8.0.265.b01-0.el8_2.x86_64/jre/lib/jfr.jar:/usr/lib/jvm/java-1.8.0-openjdk-1.8.0.265.b01-0.el8_2.x86_64/jre/classes"/>
    <property name="sun.management.compiler" value="HotSpot 64-Bit Tiered Compilers"/>
    <property name="java.runtime.version" value="1.8.0_265-b01"/>
    <property name="user.name" value="user"/>
    <property name="path.separator" value=":"/>
    <property name="os.version" value="4.18.0-193.19.1.el8_2.x86_64"/>
    <property name="java.endorsed.dirs" value="/usr/lib/jvm/java-1.8.0-openjdk-1.8.0.265.b01-0.el8_2.x86_64/jre/lib/endorsed"/>
    <property name="java.runtime.name" value="OpenJDK Runtime Environment"/>
    <property name="file.encoding" value="UTF-8"/>
    <property name="java.vm.name" value="OpenJDK 64-Bit Server VM"/>
    <property name="artifactId" value="myworkitem"/>
    <property name="localRepository" value="/home/user/.m2/repository"/>
    <property name="java.vendor.url.bug" value="http://bugreport.sun.com/bugreport/"/>
    <property name="java.io.tmpdir" value="/tmp"/>
    <property name="java.version" value="1.8.0_265"/>
    <property name="user.dir" value="/home/user/MyWIH2/myworkitem"/>
    <property name="builddir" value="/home/user/MyWIH2/myworkitem/target"/>
    <property name="os.arch" value="amd64"/>
    <property name="java.vm.specification.name" value="Java Virtual Machine Specification"/>
    <property name="java.awt.printerjob" value="sun.print.PSPrinterJob"/>
    <property name="sun.os.patch.level" value="unknown"/>
    <property name="java.library.path" value="/usr/java/packages/lib/amd64:/usr/lib64:/lib64:/lib:/usr/lib"/>
    <property name="java.vm.info" value="mixed mode"/>
    <property name="java.vendor" value="Oracle Corporation"/>
    <property name="java.vm.version" value="25.265-b01"/>
    <property name="java.ext.dirs" value="/usr/lib/jvm/java-1.8.0-openjdk-1.8.0.265.b01-0.el8_2.x86_64/jre/lib/ext:/usr/java/packages/lib/ext"/>
    <property name="sun.io.unicode.encoding" value="UnicodeLittle"/>
    <property name="java.class.version" value="52.0"/>
  </properties>
  <testcase name="testWorkitemValidity" classname="com.redhat.MyWorkItemWorkitemIntegrationTest" time="0.361"/>
</testsuite>